<?xml version="1.0" encoding="UTF-8"?>
<!-- Generated by org.testng.reporters.JUnitXMLReporter -->
<testsuite ignored="0" hostname="Dell-5577-Sidhu" failures="1" tests="2" name="DemoTest1" time="15.53" errors="0" timestamp="2023-08-30T19:27:56 EDT">
  <testcase classname="TestNgAssignment.TestSelenium" name="getTitle" time="0.031">
    <failure type="java.lang.AssertionError" message="The following asserts failed:
	expected [Google] but found [QA Training &amp;amp; Placement Toronto, Software Testing Course, BA Training]">
      <![CDATA[java.lang.AssertionError: The following asserts failed:
expected [Google] but found [QA Training & Placement Toronto, Software Testing Course, BA Training]
at TestNgAssignment.TestSelenium.getTitle(TestSelenium.java:41)
at java.base/java.util.ArrayList.forEach(ArrayList.java:1511)
... Removed 27 stack frames]]>
    </failure>
  </testcase> <!-- getTitle -->
  <testcase classname="TestNgAssignment.TestSelenium" name="RoicianLogoaDisplay" time="0.191"/>
</testsuite> <!-- DemoTest1 -->
