<?xml version="1.0" encoding="UTF-8"?>
<!-- Generated by org.testng.reporters.JUnitXMLReporter -->
<testsuite ignored="0" hostname="Dell-5577-Sidhu" failures="1" tests="5" name="SystemTesting" time="28.765" errors="0" timestamp="2023-08-30T19:28:41 EDT">
  <testcase classname="TestNgAssignment.TestSelenium" name="getTitle" time="0.007">
    <failure type="java.lang.AssertionError" message="The following asserts failed:
	expected [Google] but found [QA Training &amp;amp; Placement Toronto, Software Testing Course, BA Training]">
      <![CDATA[java.lang.AssertionError: The following asserts failed:
expected [Google] but found [QA Training & Placement Toronto, Software Testing Course, BA Training]
at TestNgAssignment.TestSelenium.getTitle(TestSelenium.java:41)
at java.base/java.util.ArrayList.forEach(ArrayList.java:1511)
... Removed 27 stack frames]]>
    </failure>
  </testcase> <!-- getTitle -->
  <testcase classname="TestNgAssignment.TestSelenium" name="RoicianLogoaDisplay" time="0.083"/>
  <testcase classname="TestNgAssignment.Parameterization" name="Contactus_TC1_valid_fname" time="0.111"/>
  <testcase classname="TestNgAssignment.Parameterization" name="Contactus_TC1_valid_fname" time="0.064"/>
  <testcase classname="TestNgAssignment.Parameterization" name="Contactus_TC1_valid_fname" time="0.068"/>
</testsuite> <!-- SystemTesting -->
