<!DOCTYPE html PUBLIC "-//W3C//DTD XHTML 1.1//EN" "https://www.w3.org/TR/xhtml11/DTD/xhtml11.dtd">
<html xmlns="https://www.w3.org/1999/xhtml">
<head>
<meta http-equiv="content-type" content="text/html; charset=UTF-8"/>
<title>TestNG Report</title>
<style type="text/css">table {margin-bottom:10px;border-collapse:collapse;empty-cells:show}th,td {border:1px solid #009;padding:.25em .5em}th {vertical-align:bottom}td {vertical-align:top}table a {font-weight:bold}.stripe td {background-color: #E6EBF9}.num {text-align:right}.passedodd td {background-color: #3F3}.passedeven td {background-color: #0A0}.skippedodd td {background-color: #DDD}.skippedeven td {background-color: #CCC}.failedodd td,.attn {background-color: #F33}.failedeven td,.stripe .attn {background-color: #D00}.stacktrace {white-space:pre;font-family:monospace}.totop {font-size:85%;text-align:center;border-bottom:2px solid #000}.invisible {display:none}</style>
</head>
<body>
<table>
<tr><th>Test</th><th># Passed</th><th># Skipped</th><th># Retried</th><th># Failed</th><th>Time (ms)</th><th>Included Groups</th><th>Excluded Groups</th></tr>
<tr><th colspan="8">Failed suite [TestNg Practice]</th></tr>
<tr><td><a href="#t0">DemoTest1(failed)</a></td><td class="num">0</td><td class="num">0</td><td class="num">0</td><td class="num attn">1</td><td class="num">12,817</td><td></td><td></td></tr>
<tr class="stripe"><td><a href="#t1">SystemTesting(failed)</a></td><td class="num">0</td><td class="num">0</td><td class="num">0</td><td class="num attn">1</td><td class="num">8,643</td><td></td><td></td></tr>
<tr><th>Total</th><th class="num">0</th><th class="num">0</th><th class="num">0</th><th class="num attn">2</th><th class="num">21,460</th><th colspan="2"></th></tr>
</table>
<table id='summary'><thead><tr><th>Class</th><th>Method</th><th>Start</th><th>Time (ms)</th></tr></thead><tbody><tr><th colspan="4">Failed suite [TestNg Practice]</th></tr></tbody><tbody id="t0"><tr><th colspan="4">DemoTest1(failed) &#8212; failed</th></tr><tr class="failedeven"><td rowspan="1">TestNgAssignment.TestSelenium</td><td><a href="#m0">getTitle</a></td><td rowspan="1">1693439407873</td><td rowspan="1">32</td></tr></tbody>
<tbody id="t1"><tr><th colspan="4">SystemTesting(failed) &#8212; failed</th></tr><tr class="failedeven"><td rowspan="1">TestNgAssignment.TestSelenium</td><td><a href="#m1">getTitle</a></td><td rowspan="1">1693439416415</td><td rowspan="1">5</td></tr></tbody>
</table>
<h2>DemoTest1(failed)</h2><h3 id="m0">TestNgAssignment.TestSelenium#getTitle</h3><table class="result"><tr><th>Exception</th></tr><tr><td><div class="stacktrace">java.lang.AssertionError: The following asserts failed:
	expected [Google] but found [QA Training &amp; Placement Toronto, Software Testing Course, BA Training]
	at TestNgAssignment.TestSelenium.getTitle(TestSelenium.java:41)
	at java.base/java.util.ArrayList.forEach(ArrayList.java:1511)
... Removed 27 stack frames</div></td></tr></table><p class="totop"><a href="#summary">back to summary</a></p>
<h2>SystemTesting(failed)</h2><h3 id="m1">TestNgAssignment.TestSelenium#getTitle</h3><table class="result"><tr><th>Exception</th></tr><tr><td><div class="stacktrace">java.lang.AssertionError: The following asserts failed:
	expected [Google] but found [QA Training &amp; Placement Toronto, Software Testing Course, BA Training]
	at TestNgAssignment.TestSelenium.getTitle(TestSelenium.java:41)
	at java.base/java.util.ArrayList.forEach(ArrayList.java:1511)
... Removed 27 stack frames</div></td></tr></table><p class="totop"><a href="#summary">back to summary</a></p>
</body>
</html>
