<?xml version="1.0" encoding="UTF-8"?>
<!-- Generated by org.testng.reporters.JUnitXMLReporter -->
<testsuite ignored="1" hostname="Dell-5577-Sidhu" failures="1" tests="1" name="SystemTesting(failed)" time="8.643" errors="0" timestamp="2023-08-30T19:50:17 EDT">
  <testcase classname="TestNgAssignment.TestSelenium" name="getTitle" time="0.005">
    <failure type="java.lang.AssertionError" message="The following asserts failed:
	expected [Google] but found [QA Training &amp;amp; Placement Toronto, Software Testing Course, BA Training]">
      <![CDATA[java.lang.AssertionError: The following asserts failed:
expected [Google] but found [QA Training & Placement Toronto, Software Testing Course, BA Training]
at TestNgAssignment.TestSelenium.getTitle(TestSelenium.java:41)
at java.base/java.util.ArrayList.forEach(ArrayList.java:1511)
... Removed 27 stack frames]]>
    </failure>
  </testcase> <!-- getTitle -->
  <testcase classname="TestNgAssignment.TestSelenium" name="RoicianLogoDisplay" time="0.0">
    <ignored/>
  </testcase> <!-- RoicianLogoDisplay -->
</testsuite> <!-- SystemTesting(failed) -->
